<?xml version="1.0" encoding="UTF-8"?>
<testng-results ignored="0" total="1" passed="1" failed="0" skipped="0">
  <reporter-output>
  </reporter-output>
  <suite started-at="2021-10-06T07:05:55 IST" name="Default suite" finished-at="2021-10-06T07:06:03 IST" duration-ms="8197">
    <groups>
    </groups>
    <test started-at="2021-10-06T07:05:55 IST" name="Default test" finished-at="2021-10-06T07:06:03 IST" duration-ms="8197">
      <class name="test.softassertion">
        <test-method signature="assertion()[pri:0, instance:test.softassertion@2e55dd0c]" started-at="2021-10-06T07:05:55 IST" name="assertion" finished-at="2021-10-06T07:06:03 IST" duration-ms="8152" status="PASS">
          <reporter-output>
          </reporter-output>
        </test-method> <!-- assertion -->
      </class> <!-- test.softassertion -->
    </test> <!-- Default test -->
  </suite> <!-- Default suite -->
</testng-results>
