<?xml version="1.0" encoding="UTF-8"?>
<!-- Generated by org.testng.reporters.JUnitXMLReporter -->
<testsuite ignored="0" hostname="LAPTOP-QUMG6PNP" failures="0" tests="4" name="testa" time="0.028" errors="0" timestamp="2021-09-24T06:44:01 IST">
  <testcase classname="test.test3" name="Submitapplicationtestcase" time="0.002"/>
  <testcase classname="test.test3" name="Submitapplicationtestcase2" time="0.007"/>
  <testcase classname="test.test3" name="Registerusertestcase" time="0.002"/>
  <testcase classname="test.test3" name="Createnewapplicationtestcase" time="0.001"/>
</testsuite> <!-- testa -->
