<?xml version="1.0" encoding="UTF-8"?>
<!-- Generated by org.testng.reporters.JUnitXMLReporter -->
<testsuite ignored="2" hostname="LAPTOP-QUMG6PNP" failures="0" tests="4" name="test2" time="0.038" errors="0" timestamp="2021-09-21T18:56:06 IST">
  <testcase classname="test.test2" name="aoanholder2" time="0.003"/>
  <testcase classname="test.test2" name="loneholder1" time="0.001"/>
  <testcase classname="test.test3" name="Submitapplicationtestcase" time="0.002"/>
  <testcase classname="test.test3" name="Submitapplicationtestcase2" time="0.003"/>
  <testcase classname="test.test3" name="Registerusertestcase" time="0.0">
    <ignored/>
  </testcase> <!-- Registerusertestcase -->
  <testcase classname="test.test3" name="Createnewapplicationtestcase" time="0.0">
    <ignored/>
  </testcase> <!-- Createnewapplicationtestcase -->
</testsuite> <!-- test2 -->
